<?xml version="1.0" encoding="UTF-8"?>
<testng-results ignored="0" total="1" passed="1" failed="0" skipped="0">
  <reporter-output>
  </reporter-output>
  <suite started-at="2022-12-14T20:12:01 CET" name="Default suite" finished-at="2022-12-14T20:12:06 CET" duration-ms="4310">
    <groups>
    </groups>
    <test started-at="2022-12-14T20:12:01 CET" name="Default test" finished-at="2022-12-14T20:12:06 CET" duration-ms="4310">
      <class name="lesson8.NewTabWindow">
        <test-method is-config="true" signature="s()[pri:0, instance:lesson8.NewTabWindow@66d3eec0]" started-at="2022-12-14T20:12:02 CET" name="s" finished-at="2022-12-14T20:12:05 CET" duration-ms="3557" status="PASS">
          <reporter-output>
          </reporter-output>
        </test-method> <!-- s -->
        <test-method signature="window()[pri:0, instance:lesson8.NewTabWindow@66d3eec0]" started-at="2022-12-14T20:12:05 CET" name="window" finished-at="2022-12-14T20:12:06 CET" duration-ms="726" status="PASS">
          <reporter-output>
          </reporter-output>
        </test-method> <!-- window -->
        <test-method is-config="true" signature="end()[pri:0, instance:lesson8.NewTabWindow@66d3eec0]" started-at="2022-12-14T20:12:06 CET" name="end" finished-at="2022-12-14T20:12:06 CET" duration-ms="0" status="PASS">
          <reporter-output>
          </reporter-output>
        </test-method> <!-- end -->
      </class> <!-- lesson8.NewTabWindow -->
    </test> <!-- Default test -->
  </suite> <!-- Default suite -->
</testng-results>
